0 info it worked if it ends with ok
1 verbose cli [ '/usr/bin/nodejs', '/usr/bin/npm', 'publish' ]
2 info using npm@3.7.3
3 info using node@v5.9.0
4 verbose publish [ '.' ]
5 silly cache add args [ '.', null ]
6 verbose cache add spec .
7 silly cache add parsed spec Result {
7 silly cache add   raw: '.',
7 silly cache add   scope: null,
7 silly cache add   name: null,
7 silly cache add   rawSpec: '.',
7 silly cache add   spec: '/home/rich/Workspace/add-one',
7 silly cache add   type: 'directory' }
8 verbose addLocalDirectory /home/rich/.npm/add-one/1.0.0/package.tgz not in flight; packing
9 verbose correctMkdir /home/rich/.npm correctMkdir not in flight; initializing
10 info lifecycle add-one@1.0.0~prepublish: add-one@1.0.0
11 silly lifecycle add-one@1.0.0~prepublish: no script for prepublish, continuing
12 verbose tar pack [ '/home/rich/.npm/add-one/1.0.0/package.tgz',
12 verbose tar pack   '/home/rich/Workspace/add-one' ]
13 verbose tarball /home/rich/.npm/add-one/1.0.0/package.tgz
14 verbose folder /home/rich/Workspace/add-one
15 verbose addLocalTarball adding from inside cache /home/rich/.npm/add-one/1.0.0/package.tgz
16 verbose correctMkdir /home/rich/.npm correctMkdir not in flight; initializing
17 silly cache afterAdd add-one@1.0.0
18 verbose afterAdd /home/rich/.npm/add-one/1.0.0/package/package.json not in flight; writing
19 verbose correctMkdir /home/rich/.npm correctMkdir not in flight; initializing
20 verbose afterAdd /home/rich/.npm/add-one/1.0.0/package/package.json written
21 silly publish { name: 'add-one',
21 silly publish   version: '1.0.0',
21 silly publish   description: 'Increment an integer by one.',
21 silly publish   main: 'index.js',
21 silly publish   scripts: { test: 'lab --verbose --assert code --threshold 100' },
21 silly publish   author: { name: 'Rich Middleditch', email: 'rich@witchert.co.uk' },
21 silly publish   keywords: [ 'increment', 'add' ],
21 silly publish   license: 'MIT',
21 silly publish   devDependencies: { code: '^1.5.0', lab: '^5.18.1', standard: '^6.0.5' },
21 silly publish   dependencies: { 'is-integer': '^1.0.6' },
21 silly publish   readme: '# add-one\n\nAdds one to an integer.\n\n## Usage\n\n```js\nvar addOne = require(\'add-one\');\n\nconsole.log(addOne(1)); // => 2\n```\n\n## Installation\n\nWith [npm](http://npmjs.org) do\n\n```bash\n$ npm install add-one\n```\n\n## License\n\n(MIT)\n\nCopyright (c) 2016 Rich Middleditch &lt;rich@witchert.co.uk&gt;\n\nPermission is hereby granted, free of charge, to any person obtaining a copy of\nthis software and associated documentation files (the "Software"), to deal in\nthe Software without restriction, including without limitation the rights to\nuse, copy, modify, merge, publish, distribute, sublicense, and/or sell copies\nof the Software, and to permit persons to whom the Software is furnished to do\nso, subject to the following conditions:\n\nThe above copyright notice and this permission notice shall be included in all\ncopies or substantial portions of the Software.\n\nTHE SOFTWARE IS PROVIDED "AS IS", WITHOUT WARRANTY OF ANY KIND, EXPRESS OR\nIMPLIED, INCLUDING BUT NOT LIMITED TO THE WARRANTIES OF MERCHANTABILITY,\nFITNESS FOR A PARTICULAR PURPOSE AND NONINFRINGEMENT. IN NO EVENT SHALL THE\nAUTHORS OR COPYRIGHT HOLDERS BE LIABLE FOR ANY CLAIM, DAMAGES OR OTHER\nLIABILITY, WHETHER IN AN ACTION OF CONTRACT, TORT OR OTHERWISE, ARISING FROM,\nOUT OF OR IN CONNECTION WITH THE SOFTWARE OR THE USE OR OTHER DEALINGS IN THE\nSOFTWARE.\n',
21 silly publish   readmeFilename: 'README.md',
21 silly publish   gitHead: 'a6812d046e1b3f96647ed870066182864cfdf834',
21 silly publish   _id: 'add-one@1.0.0',
21 silly publish   _shasum: 'f255abf95ce01126b3bbdf9c3f735a5ffaeb17fe',
21 silly publish   _from: '.' }
22 verbose getPublishConfig undefined
23 silly mapToRegistry name add-one
24 silly mapToRegistry using default registry
25 silly mapToRegistry registry https://registry.npmjs.org/
26 silly mapToRegistry uri https://registry.npmjs.org/add-one
27 verbose publish registryBase https://registry.npmjs.org/
28 silly publish uploading /home/rich/.npm/add-one/1.0.0/package.tgz
29 verbose request uri https://registry.npmjs.org/add-one
30 verbose request sending authorization for write operation
31 info attempt registry request try #1 at 10:48:55 AM
32 verbose request using bearer token for auth
33 verbose request id 1031a7af103c10c2
34 http request PUT https://registry.npmjs.org/add-one
35 http 403 https://registry.npmjs.org/add-one
36 verbose headers { 'content-type': 'application/json',
36 verbose headers   'cache-control': 'max-age=300',
36 verbose headers   'content-length': '95',
36 verbose headers   'accept-ranges': 'bytes',
36 verbose headers   date: 'Thu, 24 Mar 2016 10:48:56 GMT',
36 verbose headers   via: '1.1 varnish',
36 verbose headers   connection: 'keep-alive',
36 verbose headers   'x-served-by': 'cache-lhr6324-LHR',
36 verbose headers   'x-cache': 'MISS',
36 verbose headers   'x-cache-hits': '0',
36 verbose headers   'x-timer': 'S1458816535.746745,VS0,VE953' }
37 verbose request invalidating /home/rich/.npm/registry.npmjs.org/add-one on PUT
38 error publish Failed PUT 403
39 verbose stack Error: "You cannot publish over the previously published version 1.0.0." : add-one
39 verbose stack     at makeError (/usr/lib/node_modules/npm/node_modules/npm-registry-client/lib/request.js:264:12)
39 verbose stack     at CachingRegistryClient.<anonymous> (/usr/lib/node_modules/npm/node_modules/npm-registry-client/lib/request.js:252:14)
39 verbose stack     at Request._callback (/usr/lib/node_modules/npm/node_modules/npm-registry-client/lib/request.js:172:14)
39 verbose stack     at Request.self.callback (/usr/lib/node_modules/npm/node_modules/request/request.js:199:22)
39 verbose stack     at emitTwo (events.js:100:13)
39 verbose stack     at Request.emit (events.js:185:7)
39 verbose stack     at Request.<anonymous> (/usr/lib/node_modules/npm/node_modules/request/request.js:1036:10)
39 verbose stack     at emitOne (events.js:95:20)
39 verbose stack     at Request.emit (events.js:182:7)
39 verbose stack     at IncomingMessage.<anonymous> (/usr/lib/node_modules/npm/node_modules/request/request.js:963:12)
40 verbose statusCode 403
41 verbose pkgid add-one
42 verbose cwd /home/rich/Workspace/add-one
43 error Linux 3.19.0-56-generic
44 error argv "/usr/bin/nodejs" "/usr/bin/npm" "publish"
45 error node v5.9.0
46 error npm  v3.7.3
47 error code E403
48 error "You cannot publish over the previously published version 1.0.0." : add-one
49 error If you need help, you may report this error at:
49 error     <https://github.com/npm/npm/issues>
50 verbose exit [ 1, true ]
